# JRE version: OpenJDK Runtime Environment Microsoft-8902769 (17.0.10+7) (build 17.0.10+7-LTS)
# Java VM: OpenJDK 64-Bit Server VM Microsoft-8902769 (17.0.10+7-LTS, mixed mode, sharing, tiered, compressed oops, compressed class ptrs, g1 gc, windows-amd64)
GC Precious Log:
 CPUs: 4 total, 4 available
 Memory: 12102M
 Large Page Support: Disabled
 NUMA Support: Disabled
 Compressed Oops: Enabled (32-bit)
 Heap Region Size: 1M
 Heap Min Capacity: 8M
 Heap Initial Capacity: 190M
 Heap Max Capacity: 2G
 Pre-touch: Disabled
 Parallel Workers: 4
 Concurrent Workers: 1
 Concurrent Refinement Workers: 4
 Periodic GC: Disabled
Heap:
 garbage-first heap   total 522240K, used 413998K [0x0000000080000000, 0x0000000100000000)
  region size 1024K, 85 young (87040K), 17 survivors (17408K)
 Metaspace       used 180753K, committed 182912K, reserved 622592K
  class space    used 23506K, committed 24512K, reserved 425984K
GC Heap History (20 events):
Event: 10859.380 GC heap before
{Heap before GC invocations=98 (full 1):
 garbage-first heap   total 563200K, used 313357K [0x0000000080000000, 0x0000000100000000)
  region size 1024K, 116 young (118784K), 22 survivors (22528K)
 Metaspace       used 178999K, committed 181120K, reserved 622592K
  class space    used 23484K, committed 24512K, reserved 425984K
}
Event: 10859.426 GC heap after
{Heap after GC invocations=99 (full 1):
 garbage-first heap   total 563200K, used 229522K [0x0000000080000000, 0x0000000100000000)
  region size 1024K, 13 young (13312K), 13 survivors (13312K)
 Metaspace       used 178999K, committed 181120K, reserved 622592K
  class space    used 23484K, committed 24512K, reserved 425984K
}
Event: 12693.104 GC heap before
{Heap before GC invocations=99 (full 1):
 garbage-first heap   total 563200K, used 368786K [0x0000000080000000, 0x0000000100000000)
  region size 1024K, 151 young (154624K), 13 survivors (13312K)
 Metaspace       used 179092K, committed 181248K, reserved 622592K
  class space    used 23490K, committed 24512K, reserved 425984K
}
Event: 12694.838 GC heap after
{Heap after GC invocations=100 (full 2):
 garbage-first heap   total 522240K, used 154926K [0x0000000080000000, 0x0000000100000000)
  region size 1024K, 0 young (0K), 0 survivors (0K)
 Metaspace       used 178358K, committed 181248K, reserved 622592K
  class space    used 23351K, committed 24512K, reserved 425984K
}
Event: 21352.031 GC heap before
{Heap before GC invocations=100 (full 2):
 garbage-first heap   total 522240K, used 388398K [0x0000000080000000, 0x0000000100000000)
  region size 1024K, 229 young (234496K), 0 survivors (0K)
 Metaspace       used 178553K, committed 181248K, reserved 622592K
  class space    used 23366K, committed 24512K, reserved 425984K
}
Event: 21352.093 GC heap after
{Heap after GC invocations=101 (full 2):
 garbage-first heap   total 522240K, used 164654K [0x0000000080000000, 0x0000000100000000)
  region size 1024K, 10 young (10240K), 10 survivors (10240K)
 Metaspace       used 178553K, committed 181248K, reserved 622592K
  class space    used 23366K, committed 24512K, reserved 425984K
}
Event: 21356.275 GC heap before
{Heap before GC invocations=101 (full 2):
 garbage-first heap   total 522240K, used 400174K [0x0000000080000000, 0x0000000100000000)
  region size 1024K, 239 young (244736K), 10 survivors (10240K)
 Metaspace       used 178957K, committed 181248K, reserved 622592K
  class space    used 23406K, committed 24512K, reserved 425984K
}
Event: 21356.488 GC heap after
{Heap after GC invocations=102 (full 2):
 garbage-first heap   total 522240K, used 208434K [0x0000000080000000, 0x0000000100000000)
  region size 1024K, 30 young (30720K), 30 survivors (30720K)
 Metaspace       used 178957K, committed 181248K, reserved 622592K
  class space    used 23406K, committed 24512K, reserved 425984K
}
Event: 21359.628 GC heap before
{Heap before GC invocations=102 (full 2):
 garbage-first heap   total 522240K, used 393778K [0x0000000080000000, 0x0000000100000000)
  region size 1024K, 184 young (188416K), 30 survivors (30720K)
 Metaspace       used 179145K, committed 181312K, reserved 622592K
  class space    used 23412K, committed 24512K, reserved 425984K
}
Event: 21359.838 GC heap after
{Heap after GC invocations=103 (full 2):
 garbage-first heap   total 522240K, used 244526K [0x0000000080000000, 0x0000000100000000)
  region size 1024K, 23 young (23552K), 23 survivors (23552K)
 Metaspace       used 179145K, committed 181312K, reserved 622592K
  class space    used 23412K, committed 24512K, reserved 425984K
}
Event: 21361.660 GC heap before
{Heap before GC invocations=103 (full 2):
 garbage-first heap   total 522240K, used 333614K [0x0000000080000000, 0x0000000100000000)
  region size 1024K, 110 young (112640K), 23 survivors (23552K)
 Metaspace       used 179202K, committed 181376K, reserved 622592K
  class space    used 23413K, committed 24512K, reserved 425984K
}
Event: 21361.697 GC heap after
{Heap after GC invocations=104 (full 2):
 garbage-first heap   total 522240K, used 247309K [0x0000000080000000, 0x0000000100000000)
  region size 1024K, 5 young (5120K), 5 survivors (5120K)
 Metaspace       used 179202K, committed 181376K, reserved 622592K
  class space    used 23413K, committed 24512K, reserved 425984K
}
Event: 21371.041 GC heap before
{Heap before GC invocations=104 (full 2):
 garbage-first heap   total 522240K, used 406029K [0x0000000080000000, 0x0000000100000000)
  region size 1024K, 151 young (154624K), 5 survivors (5120K)
 Metaspace       used 180112K, committed 182272K, reserved 622592K
  class space    used 23459K, committed 24512K, reserved 425984K
}
Event: 21371.064 GC heap after
{Heap after GC invocations=105 (full 2):
 garbage-first heap   total 522240K, used 254617K [0x0000000080000000, 0x0000000100000000)
  region size 1024K, 8 young (8192K), 8 survivors (8192K)
 Metaspace       used 180112K, committed 182272K, reserved 622592K
  class space    used 23459K, committed 24512K, reserved 425984K
}
Event: 21375.502 GC heap before
{Heap before GC invocations=105 (full 2):
 garbage-first heap   total 522240K, used 411289K [0x0000000080000000, 0x0000000100000000)
  region size 1024K, 158 young (161792K), 8 survivors (8192K)
 Metaspace       used 180682K, committed 182848K, reserved 622592K
  class space    used 23496K, committed 24512K, reserved 425984K
}
Event: 21375.517 GC heap after
{Heap after GC invocations=106 (full 2):
 garbage-first heap   total 522240K, used 265320K [0x0000000080000000, 0x0000000100000000)
  region size 1024K, 19 young (19456K), 19 survivors (19456K)
 Metaspace       used 180682K, committed 182848K, reserved 622592K
  class space    used 23496K, committed 24512K, reserved 425984K
}
Event: 21377.253 GC heap before
{Heap before GC invocations=106 (full 2):
 garbage-first heap   total 522240K, used 461928K [0x0000000080000000, 0x0000000100000000)
  region size 1024K, 163 young (166912K), 19 survivors (19456K)
 Metaspace       used 180737K, committed 182848K, reserved 622592K
  class space    used 23505K, committed 24512K, reserved 425984K
}
Event: 21377.294 GC heap after
{Heap after GC invocations=107 (full 2):
 garbage-first heap   total 522240K, used 308014K [0x0000000080000000, 0x0000000100000000)
  region size 1024K, 21 young (21504K), 21 survivors (21504K)
 Metaspace       used 180737K, committed 182848K, reserved 622592K
  class space    used 23505K, committed 24512K, reserved 425984K
}
Event: 21378.007 GC heap before
{Heap before GC invocations=107 (full 2):
 garbage-first heap   total 522240K, used 423726K [0x0000000080000000, 0x0000000100000000)
  region size 1024K, 130 young (133120K), 21 survivors (21504K)
 Metaspace       used 180753K, committed 182912K, reserved 622592K
  class space    used 23506K, committed 24512K, reserved 425984K
}
Event: 21378.078 GC heap after
{Heap after GC invocations=108 (full 2):
 garbage-first heap   total 522240K, used 346414K [0x0000000080000000, 0x0000000100000000)
  region size 1024K, 17 young (17408K), 17 survivors (17408K)
 Metaspace       used 180753K, committed 182912K, reserved 622592K
  class space    used 23506K, committed 24512K, reserved 425984K
}

