# JRE version: OpenJDK Runtime Environment Microsoft-8902769 (17.0.10+7) (build 17.0.10+7-LTS)
# Java VM: OpenJDK 64-Bit Server VM Microsoft-8902769 (17.0.10+7-LTS, mixed mode, sharing, tiered, compressed oops, compressed class ptrs, g1 gc, windows-amd64)
GC Precious Log:
 CPUs: 4 total, 4 available
 Memory: 12102M
 Large Page Support: Disabled
 NUMA Support: Disabled
 Compressed Oops: Enabled (32-bit)
 Heap Region Size: 1M
 Heap Min Capacity: 8M
 Heap Initial Capacity: 190M
 Heap Max Capacity: 2G
 Pre-touch: Disabled
 Parallel Workers: 4
 Concurrent Workers: 1
 Concurrent Refinement Workers: 4
 Periodic GC: Disabled
Heap:
 garbage-first heap   total 362496K, used 211139K [0x0000000080000000, 0x0000000100000000)
  region size 1024K, 109 young (111616K), 21 survivors (21504K)
 Metaspace       used 95315K, committed 96384K, reserved 557056K
  class space    used 13464K, committed 14016K, reserved 425984K
GC Heap History (20 events):
Event: 14.254 GC heap before
{Heap before GC invocations=35 (full 0):
 garbage-first heap   total 151552K, used 120132K [0x0000000080000000, 0x0000000100000000)
  region size 1024K, 35 young (35840K), 1 survivors (1024K)
 Metaspace       used 71386K, committed 72128K, reserved 491520K
  class space    used 10080K, committed 10432K, reserved 425984K
}
Event: 14.256 GC heap after
{Heap after GC invocations=36 (full 0):
 garbage-first heap   total 151552K, used 85772K [0x0000000080000000, 0x0000000100000000)
  region size 1024K, 2 young (2048K), 2 survivors (2048K)
 Metaspace       used 71386K, committed 72128K, reserved 491520K
  class space    used 10080K, committed 10432K, reserved 425984K
}
Event: 14.655 GC heap before
{Heap before GC invocations=37 (full 0):
 garbage-first heap   total 157696K, used 127756K [0x0000000080000000, 0x0000000100000000)
  region size 1024K, 37 young (37888K), 2 survivors (2048K)
 Metaspace       used 73852K, committed 74560K, reserved 491520K
  class space    used 10402K, committed 10752K, reserved 425984K
}
Event: 14.659 GC heap after
{Heap after GC invocations=38 (full 0):
 garbage-first heap   total 157696K, used 89986K [0x0000000080000000, 0x0000000100000000)
  region size 1024K, 5 young (5120K), 5 survivors (5120K)
 Metaspace       used 73852K, committed 74560K, reserved 491520K
  class space    used 10402K, committed 10752K, reserved 425984K
}
Event: 14.683 GC heap before
{Heap before GC invocations=38 (full 0):
 garbage-first heap   total 157696K, used 92034K [0x0000000080000000, 0x0000000100000000)
  region size 1024K, 7 young (7168K), 5 survivors (5120K)
 Metaspace       used 73973K, committed 74688K, reserved 491520K
  class space    used 10423K, committed 10752K, reserved 425984K
}
Event: 14.688 GC heap after
{Heap after GC invocations=39 (full 0):
 garbage-first heap   total 157696K, used 89397K [0x0000000080000000, 0x0000000100000000)
  region size 1024K, 1 young (1024K), 1 survivors (1024K)
 Metaspace       used 73973K, committed 74688K, reserved 491520K
  class space    used 10423K, committed 10752K, reserved 425984K
}
Event: 15.059 GC heap before
{Heap before GC invocations=39 (full 0):
 garbage-first heap   total 157696K, used 126261K [0x0000000080000000, 0x0000000100000000)
  region size 1024K, 37 young (37888K), 1 survivors (1024K)
 Metaspace       used 76591K, committed 77312K, reserved 557056K
  class space    used 10751K, committed 11072K, reserved 425984K
}
Event: 15.061 GC heap after
{Heap after GC invocations=40 (full 0):
 garbage-first heap   total 157696K, used 90895K [0x0000000080000000, 0x0000000100000000)
  region size 1024K, 2 young (2048K), 2 survivors (2048K)
 Metaspace       used 76591K, committed 77312K, reserved 557056K
  class space    used 10751K, committed 11072K, reserved 425984K
}
Event: 15.395 GC heap before
{Heap before GC invocations=40 (full 0):
 garbage-first heap   total 157696K, used 128783K [0x0000000080000000, 0x0000000100000000)
  region size 1024K, 39 young (39936K), 2 survivors (2048K)
 Metaspace       used 79501K, committed 80192K, reserved 557056K
  class space    used 11146K, committed 11456K, reserved 425984K
}
Event: 15.398 GC heap after
{Heap after GC invocations=41 (full 0):
 garbage-first heap   total 157696K, used 92019K [0x0000000080000000, 0x0000000100000000)
  region size 1024K, 3 young (3072K), 3 survivors (3072K)
 Metaspace       used 79501K, committed 80192K, reserved 557056K
  class space    used 11146K, committed 11456K, reserved 425984K
}
Event: 15.733 GC heap before
{Heap before GC invocations=41 (full 0):
 garbage-first heap   total 157696K, used 130931K [0x0000000080000000, 0x0000000100000000)
  region size 1024K, 41 young (41984K), 3 survivors (3072K)
 Metaspace       used 81938K, committed 82752K, reserved 557056K
  class space    used 11492K, committed 11904K, reserved 425984K
}
Event: 15.738 GC heap after
{Heap after GC invocations=42 (full 0):
 garbage-first heap   total 157696K, used 94594K [0x0000000080000000, 0x0000000100000000)
  region size 1024K, 6 young (6144K), 6 survivors (6144K)
 Metaspace       used 81938K, committed 82752K, reserved 557056K
  class space    used 11492K, committed 11904K, reserved 425984K
}
Event: 17.953 GC heap before
{Heap before GC invocations=43 (full 0):
 garbage-first heap   total 181248K, used 129410K [0x0000000080000000, 0x0000000100000000)
  region size 1024K, 40 young (40960K), 6 survivors (6144K)
 Metaspace       used 82171K, committed 82944K, reserved 557056K
  class space    used 11520K, committed 11904K, reserved 425984K
}
Event: 17.959 GC heap after
{Heap after GC invocations=44 (full 0):
 garbage-first heap   total 181248K, used 96983K [0x0000000080000000, 0x0000000100000000)
  region size 1024K, 5 young (5120K), 5 survivors (5120K)
 Metaspace       used 82171K, committed 82944K, reserved 557056K
  class space    used 11520K, committed 11904K, reserved 425984K
}
Event: 17.998 GC heap before
{Heap before GC invocations=44 (full 0):
 garbage-first heap   total 181248K, used 100055K [0x0000000080000000, 0x0000000100000000)
  region size 1024K, 8 young (8192K), 5 survivors (5120K)
 Metaspace       used 82252K, committed 83072K, reserved 557056K
  class space    used 11532K, committed 11968K, reserved 425984K
}
Event: 18.004 GC heap after
{Heap after GC invocations=45 (full 0):
 garbage-first heap   total 181248K, used 97036K [0x0000000080000000, 0x0000000100000000)
  region size 1024K, 1 young (1024K), 1 survivors (1024K)
 Metaspace       used 82252K, committed 83072K, reserved 557056K
  class space    used 11532K, committed 11968K, reserved 425984K
}
Event: 18.600 GC heap before
{Heap before GC invocations=45 (full 0):
 garbage-first heap   total 181248K, used 150284K [0x0000000080000000, 0x0000000100000000)
  region size 1024K, 53 young (54272K), 1 survivors (1024K)
 Metaspace       used 85465K, committed 86336K, reserved 557056K
  class space    used 12016K, committed 12416K, reserved 425984K
}
Event: 18.605 GC heap after
{Heap after GC invocations=46 (full 0):
 garbage-first heap   total 362496K, used 98695K [0x0000000080000000, 0x0000000100000000)
  region size 1024K, 3 young (3072K), 3 survivors (3072K)
 Metaspace       used 85465K, committed 86336K, reserved 557056K
  class space    used 12016K, committed 12416K, reserved 425984K
}
Event: 20.926 GC heap before
{Heap before GC invocations=46 (full 0):
 garbage-first heap   total 362496K, used 276871K [0x0000000080000000, 0x0000000100000000)
  region size 1024K, 178 young (182272K), 3 survivors (3072K)
 Metaspace       used 93438K, committed 94464K, reserved 557056K
  class space    used 13249K, committed 13760K, reserved 425984K
}
Event: 20.945 GC heap after
{Heap after GC invocations=47 (full 0):
 garbage-first heap   total 362496K, used 116931K [0x0000000080000000, 0x0000000100000000)
  region size 1024K, 21 young (21504K), 21 survivors (21504K)
 Metaspace       used 93438K, committed 94464K, reserved 557056K
  class space    used 13249K, committed 13760K, reserved 425984K
}

