# JRE version: OpenJDK Runtime Environment Microsoft-8902769 (17.0.10+7) (build 17.0.10+7-LTS)
# Java VM: OpenJDK 64-Bit Server VM Microsoft-8902769 (17.0.10+7-LTS, mixed mode, sharing, tiered, compressed oops, compressed class ptrs, g1 gc, windows-amd64)
GC Precious Log:
 CPUs: 4 total, 4 available
 Memory: 12102M
 Large Page Support: Disabled
 NUMA Support: Disabled
 Compressed Oops: Enabled (32-bit)
 Heap Region Size: 1M
 Heap Min Capacity: 8M
 Heap Initial Capacity: 190M
 Heap Max Capacity: 2G
 Pre-touch: Disabled
 Parallel Workers: 4
 Concurrent Workers: 1
 Concurrent Refinement Workers: 4
 Periodic GC: Disabled
Heap:
 garbage-first heap   total 261120K, used 230794K [0x0000000080000000, 0x0000000100000000)
  region size 1024K, 16 young (16384K), 2 survivors (2048K)
 Metaspace       used 108746K, committed 110016K, reserved 557056K
  class space    used 15071K, committed 15680K, reserved 425984K
GC Heap History (20 events):
Event: 36.109 GC heap before
{Heap before GC invocations=59 (full 0):
 garbage-first heap   total 261120K, used 221880K [0x0000000080000000, 0x0000000100000000)
  region size 1024K, 41 young (41984K), 4 survivors (4096K)
 Metaspace       used 104950K, committed 106112K, reserved 557056K
  class space    used 14656K, committed 15232K, reserved 425984K
}
Event: 36.114 GC heap after
{Heap after GC invocations=60 (full 0):
 garbage-first heap   total 261120K, used 186777K [0x0000000080000000, 0x0000000100000000)
  region size 1024K, 4 young (4096K), 4 survivors (4096K)
 Metaspace       used 104950K, committed 106112K, reserved 557056K
  class space    used 14656K, committed 15232K, reserved 425984K
}
Event: 36.452 GC heap before
{Heap before GC invocations=60 (full 0):
 garbage-first heap   total 261120K, used 221593K [0x0000000080000000, 0x0000000100000000)
  region size 1024K, 39 young (39936K), 4 survivors (4096K)
 Metaspace       used 105038K, committed 106240K, reserved 557056K
  class space    used 14664K, committed 15232K, reserved 425984K
}
Event: 36.457 GC heap after
{Heap after GC invocations=61 (full 0):
 garbage-first heap   total 261120K, used 189018K [0x0000000080000000, 0x0000000100000000)
  region size 1024K, 4 young (4096K), 4 survivors (4096K)
 Metaspace       used 105038K, committed 106240K, reserved 557056K
  class space    used 14664K, committed 15232K, reserved 425984K
}
Event: 36.688 GC heap before
{Heap before GC invocations=61 (full 0):
 garbage-first heap   total 261120K, used 221786K [0x0000000080000000, 0x0000000100000000)
  region size 1024K, 37 young (37888K), 4 survivors (4096K)
 Metaspace       used 105118K, committed 106368K, reserved 557056K
  class space    used 14676K, committed 15296K, reserved 425984K
}
Event: 36.693 GC heap after
{Heap after GC invocations=62 (full 0):
 garbage-first heap   total 261120K, used 191573K [0x0000000080000000, 0x0000000100000000)
  region size 1024K, 4 young (4096K), 4 survivors (4096K)
 Metaspace       used 105118K, committed 106368K, reserved 557056K
  class space    used 14676K, committed 15296K, reserved 425984K
}
Event: 36.967 GC heap before
{Heap before GC invocations=62 (full 0):
 garbage-first heap   total 261120K, used 227413K [0x0000000080000000, 0x0000000100000000)
  region size 1024K, 35 young (35840K), 4 survivors (4096K)
 Metaspace       used 106546K, committed 107776K, reserved 557056K
  class space    used 14802K, committed 15424K, reserved 425984K
}
Event: 36.972 GC heap after
{Heap after GC invocations=63 (full 0):
 garbage-first heap   total 261120K, used 194121K [0x0000000080000000, 0x0000000100000000)
  region size 1024K, 4 young (4096K), 4 survivors (4096K)
 Metaspace       used 106546K, committed 107776K, reserved 557056K
  class space    used 14802K, committed 15424K, reserved 425984K
}
Event: 37.431 GC heap before
{Heap before GC invocations=63 (full 0):
 garbage-first heap   total 261120K, used 223817K [0x0000000080000000, 0x0000000100000000)
  region size 1024K, 34 young (34816K), 4 survivors (4096K)
 Metaspace       used 107183K, committed 108480K, reserved 557056K
  class space    used 14870K, committed 15488K, reserved 425984K
}
Event: 37.437 GC heap after
{Heap after GC invocations=64 (full 0):
 garbage-first heap   total 261120K, used 197011K [0x0000000080000000, 0x0000000100000000)
  region size 1024K, 4 young (4096K), 4 survivors (4096K)
 Metaspace       used 107183K, committed 108480K, reserved 557056K
  class space    used 14870K, committed 15488K, reserved 425984K
}
Event: 37.850 GC heap before
{Heap before GC invocations=64 (full 0):
 garbage-first heap   total 261120K, used 223635K [0x0000000080000000, 0x0000000100000000)
  region size 1024K, 31 young (31744K), 4 survivors (4096K)
 Metaspace       used 107283K, committed 108544K, reserved 557056K
  class space    used 14874K, committed 15488K, reserved 425984K
}
Event: 37.856 GC heap after
{Heap after GC invocations=65 (full 0):
 garbage-first heap   total 261120K, used 198614K [0x0000000080000000, 0x0000000100000000)
  region size 1024K, 3 young (3072K), 3 survivors (3072K)
 Metaspace       used 107283K, committed 108544K, reserved 557056K
  class space    used 14874K, committed 15488K, reserved 425984K
}
Event: 38.196 GC heap before
{Heap before GC invocations=65 (full 0):
 garbage-first heap   total 261120K, used 224214K [0x0000000080000000, 0x0000000100000000)
  region size 1024K, 29 young (29696K), 3 survivors (3072K)
 Metaspace       used 107367K, committed 108608K, reserved 557056K
  class space    used 14886K, committed 15488K, reserved 425984K
}
Event: 38.200 GC heap after
{Heap after GC invocations=66 (full 0):
 garbage-first heap   total 261120K, used 200284K [0x0000000080000000, 0x0000000100000000)
  region size 1024K, 4 young (4096K), 4 survivors (4096K)
 Metaspace       used 107367K, committed 108608K, reserved 557056K
  class space    used 14886K, committed 15488K, reserved 425984K
}
Event: 38.627 GC heap before
{Heap before GC invocations=66 (full 0):
 garbage-first heap   total 261120K, used 225884K [0x0000000080000000, 0x0000000100000000)
  region size 1024K, 30 young (30720K), 4 survivors (4096K)
 Metaspace       used 107390K, committed 108672K, reserved 557056K
  class space    used 14886K, committed 15488K, reserved 425984K
}
Event: 38.631 GC heap after
{Heap after GC invocations=67 (full 0):
 garbage-first heap   total 261120K, used 201564K [0x0000000080000000, 0x0000000100000000)
  region size 1024K, 4 young (4096K), 4 survivors (4096K)
 Metaspace       used 107390K, committed 108672K, reserved 557056K
  class space    used 14886K, committed 15488K, reserved 425984K
}
Event: 39.101 GC heap before
{Heap before GC invocations=67 (full 0):
 garbage-first heap   total 261120K, used 225116K [0x0000000080000000, 0x0000000100000000)
  region size 1024K, 28 young (28672K), 4 survivors (4096K)
 Metaspace       used 107395K, committed 108672K, reserved 557056K
  class space    used 14886K, committed 15488K, reserved 425984K
}
Event: 39.105 GC heap after
{Heap after GC invocations=68 (full 0):
 garbage-first heap   total 261120K, used 202667K [0x0000000080000000, 0x0000000100000000)
  region size 1024K, 3 young (3072K), 3 survivors (3072K)
 Metaspace       used 107395K, committed 108672K, reserved 557056K
  class space    used 14886K, committed 15488K, reserved 425984K
}
Event: 39.283 GC heap before
{Heap before GC invocations=68 (full 0):
 garbage-first heap   total 261120K, used 220075K [0x0000000080000000, 0x0000000100000000)
  region size 1024K, 17 young (17408K), 3 survivors (3072K)
 Metaspace       used 107920K, committed 109184K, reserved 557056K
  class space    used 14957K, committed 15552K, reserved 425984K
}
Event: 39.286 GC heap after
{Heap after GC invocations=69 (full 0):
 garbage-first heap   total 261120K, used 209290K [0x0000000080000000, 0x0000000100000000)
  region size 1024K, 2 young (2048K), 2 survivors (2048K)
 Metaspace       used 107920K, committed 109184K, reserved 557056K
  class space    used 14957K, committed 15552K, reserved 425984K
}

