# JRE version: OpenJDK Runtime Environment (17.0.9) (build 17.0.9+0--11185874)
# Java VM: OpenJDK 64-Bit Server VM (17.0.9+0--11185874, mixed mode, tiered, compressed oops, compressed class ptrs, g1 gc, windows-amd64)
GC Precious Log:
 CPUs: 4 total, 4 available
 Memory: 12102M
 Large Page Support: Disabled
 NUMA Support: Disabled
 Compressed Oops: Enabled (32-bit)
 Heap Region Size: 1M
 Heap Min Capacity: 8M
 Heap Initial Capacity: 190M
 Heap Max Capacity: 2G
 Pre-touch: Disabled
 Parallel Workers: 4
 Concurrent Workers: 1
 Concurrent Refinement Workers: 4
 Periodic GC: Disabled
Heap:
 garbage-first heap   total 300032K, used 199031K [0x0000000080000000, 0x0000000100000000)
  region size 1024K, 32 young (32768K), 5 survivors (5120K)
 Metaspace       used 139730K, committed 140800K, reserved 557056K
  class space    used 19219K, committed 19712K, reserved 425984K
GC Heap History (20 events):
Event: 24.684 GC heap before
{Heap before GC invocations=48 (full 0):
 garbage-first heap   total 300032K, used 226594K [0x0000000080000000, 0x0000000100000000)
  region size 1024K, 130 young (133120K), 5 survivors (5120K)
 Metaspace       used 90493K, committed 91328K, reserved 557056K
  class space    used 12401K, committed 12800K, reserved 425984K
}
Event: 24.693 GC heap after
{Heap after GC invocations=49 (full 0):
 garbage-first heap   total 300032K, used 104519K [0x0000000080000000, 0x0000000100000000)
  region size 1024K, 10 young (10240K), 10 survivors (10240K)
 Metaspace       used 90493K, committed 91328K, reserved 557056K
  class space    used 12401K, committed 12800K, reserved 425984K
}
Event: 27.751 GC heap before
{Heap before GC invocations=49 (full 0):
 garbage-first heap   total 300032K, used 237639K [0x0000000080000000, 0x0000000100000000)
  region size 1024K, 141 young (144384K), 10 survivors (10240K)
 Metaspace       used 99445K, committed 100288K, reserved 557056K
  class space    used 13695K, committed 14080K, reserved 425984K
}
Event: 27.770 GC heap after
{Heap after GC invocations=50 (full 0):
 garbage-first heap   total 300032K, used 114945K [0x0000000080000000, 0x0000000100000000)
  region size 1024K, 17 young (17408K), 17 survivors (17408K)
 Metaspace       used 99445K, committed 100288K, reserved 557056K
  class space    used 13695K, committed 14080K, reserved 425984K
}
Event: 55.951 GC heap before
{Heap before GC invocations=50 (full 0):
 garbage-first heap   total 300032K, used 242945K [0x0000000080000000, 0x0000000100000000)
  region size 1024K, 139 young (142336K), 17 survivors (17408K)
 Metaspace       used 101508K, committed 102464K, reserved 557056K
  class space    used 13995K, committed 14400K, reserved 425984K
}
Event: 55.965 GC heap after
{Heap after GC invocations=51 (full 0):
 garbage-first heap   total 300032K, used 125847K [0x0000000080000000, 0x0000000100000000)
  region size 1024K, 10 young (10240K), 10 survivors (10240K)
 Metaspace       used 101508K, committed 102464K, reserved 557056K
  class space    used 13995K, committed 14400K, reserved 425984K
}
Event: 57.432 GC heap before
{Heap before GC invocations=51 (full 0):
 garbage-first heap   total 300032K, used 248727K [0x0000000080000000, 0x0000000100000000)
  region size 1024K, 123 young (125952K), 10 survivors (10240K)
 Metaspace       used 110203K, committed 111104K, reserved 557056K
  class space    used 15064K, committed 15488K, reserved 425984K
}
Event: 57.440 GC heap after
{Heap after GC invocations=52 (full 0):
 garbage-first heap   total 300032K, used 135546K [0x0000000080000000, 0x0000000100000000)
  region size 1024K, 8 young (8192K), 8 survivors (8192K)
 Metaspace       used 110203K, committed 111104K, reserved 557056K
  class space    used 15064K, committed 15488K, reserved 425984K
}
Event: 58.867 GC heap before
{Heap before GC invocations=52 (full 0):
 garbage-first heap   total 300032K, used 243066K [0x0000000080000000, 0x0000000100000000)
  region size 1024K, 113 young (115712K), 8 survivors (8192K)
 Metaspace       used 116631K, committed 117568K, reserved 557056K
  class space    used 15962K, committed 16384K, reserved 425984K
}
Event: 58.875 GC heap after
{Heap after GC invocations=53 (full 0):
 garbage-first heap   total 300032K, used 140800K [0x0000000080000000, 0x0000000100000000)
  region size 1024K, 13 young (13312K), 13 survivors (13312K)
 Metaspace       used 116631K, committed 117568K, reserved 557056K
  class space    used 15962K, committed 16384K, reserved 425984K
}
Event: 62.478 GC heap before
{Heap before GC invocations=53 (full 0):
 garbage-first heap   total 300032K, used 245248K [0x0000000080000000, 0x0000000100000000)
  region size 1024K, 115 young (117760K), 13 survivors (13312K)
 Metaspace       used 123276K, committed 124288K, reserved 557056K
  class space    used 17088K, committed 17536K, reserved 425984K
}
Event: 62.489 GC heap after
{Heap after GC invocations=54 (full 0):
 garbage-first heap   total 300032K, used 146489K [0x0000000080000000, 0x0000000100000000)
  region size 1024K, 12 young (12288K), 12 survivors (12288K)
 Metaspace       used 123276K, committed 124288K, reserved 557056K
  class space    used 17088K, committed 17536K, reserved 425984K
}
Event: 62.498 GC heap before
{Heap before GC invocations=54 (full 0):
 garbage-first heap   total 300032K, used 147513K [0x0000000080000000, 0x0000000100000000)
  region size 1024K, 14 young (14336K), 12 survivors (12288K)
 Metaspace       used 123339K, committed 124288K, reserved 557056K
  class space    used 17095K, committed 17536K, reserved 425984K
}
Event: 62.508 GC heap after
{Heap after GC invocations=55 (full 0):
 garbage-first heap   total 300032K, used 145873K [0x0000000080000000, 0x0000000100000000)
  region size 1024K, 5 young (5120K), 5 survivors (5120K)
 Metaspace       used 123339K, committed 124288K, reserved 557056K
  class space    used 17095K, committed 17536K, reserved 425984K
}
Event: 64.336 GC heap before
{Heap before GC invocations=56 (full 0):
 garbage-first heap   total 300032K, used 262609K [0x0000000080000000, 0x0000000100000000)
  region size 1024K, 107 young (109568K), 5 survivors (5120K)
 Metaspace       used 130699K, committed 131776K, reserved 557056K
  class space    used 17998K, committed 18560K, reserved 425984K
}
Event: 64.348 GC heap after
{Heap after GC invocations=57 (full 0):
 garbage-first heap   total 300032K, used 168470K [0x0000000080000000, 0x0000000100000000)
  region size 1024K, 14 young (14336K), 14 survivors (14336K)
 Metaspace       used 130699K, committed 131776K, reserved 557056K
  class space    used 17998K, committed 18560K, reserved 425984K
}
Event: 64.367 GC heap before
{Heap before GC invocations=57 (full 0):
 garbage-first heap   total 300032K, used 169494K [0x0000000080000000, 0x0000000100000000)
  region size 1024K, 15 young (15360K), 14 survivors (14336K)
 Metaspace       used 130802K, committed 131904K, reserved 557056K
  class space    used 18007K, committed 18560K, reserved 425984K
}
Event: 64.376 GC heap after
{Heap after GC invocations=58 (full 0):
 garbage-first heap   total 300032K, used 168781K [0x0000000080000000, 0x0000000100000000)
  region size 1024K, 2 young (2048K), 2 survivors (2048K)
 Metaspace       used 130802K, committed 131904K, reserved 557056K
  class space    used 18007K, committed 18560K, reserved 425984K
}
Event: 65.851 GC heap before
{Heap before GC invocations=58 (full 0):
 garbage-first heap   total 300032K, used 247629K [0x0000000080000000, 0x0000000100000000)
  region size 1024K, 80 young (81920K), 2 survivors (2048K)
 Metaspace       used 137481K, committed 138496K, reserved 557056K
  class space    used 18943K, committed 19392K, reserved 425984K
}
Event: 65.857 GC heap after
{Heap after GC invocations=59 (full 0):
 garbage-first heap   total 300032K, used 172407K [0x0000000080000000, 0x0000000100000000)
  region size 1024K, 5 young (5120K), 5 survivors (5120K)
 Metaspace       used 137481K, committed 138496K, reserved 557056K
  class space    used 18943K, committed 19392K, reserved 425984K
}

